::1 - - [01/Nov/2015:10:14:36 +0000] "GET / HTTP/1.1" 200 1956 "-" "Mozilla/5.0 (Windows NT 6.1; WOW64) AppleWebKit/537.36 (KHTML, like Gecko) Chrome/46.0.2490.80 Safari/537.36"
::1 - - [01/Nov/2015:10:14:36 +0000] "GET /js/lib/require.js HTTP/1.1" 304 - "http://localhost:3000/" "Mozilla/5.0 (Windows NT 6.1; WOW64) AppleWebKit/537.36 (KHTML, like Gecko) Chrome/46.0.2490.80 Safari/537.36"
::1 - - [01/Nov/2015:10:14:36 +0000] "GET /css/default.css HTTP/1.1" 304 - "http://localhost:3000/" "Mozilla/5.0 (Windows NT 6.1; WOW64) AppleWebKit/537.36 (KHTML, like Gecko) Chrome/46.0.2490.80 Safari/537.36"
::1 - - [01/Nov/2015:10:14:36 +0000] "GET /js/lib/radar-chart-d3-master/src/radar-chart.css HTTP/1.1" 304 - "http://localhost:3000/" "Mozilla/5.0 (Windows NT 6.1; WOW64) AppleWebKit/537.36 (KHTML, like Gecko) Chrome/46.0.2490.80 Safari/537.36"
::1 - - [01/Nov/2015:10:14:36 +0000] "GET /css/icons.css HTTP/1.1" 304 - "http://localhost:3000/" "Mozilla/5.0 (Windows NT 6.1; WOW64) AppleWebKit/537.36 (KHTML, like Gecko) Chrome/46.0.2490.80 Safari/537.36"
::1 - - [01/Nov/2015:10:14:36 +0000] "GET /css/flag.css HTTP/1.1" 304 - "http://localhost:3000/" "Mozilla/5.0 (Windows NT 6.1; WOW64) AppleWebKit/537.36 (KHTML, like Gecko) Chrome/46.0.2490.80 Safari/537.36"
::1 - - [01/Nov/2015:10:14:36 +0000] "GET /js/main.js HTTP/1.1" 304 - "http://localhost:3000/" "Mozilla/5.0 (Windows NT 6.1; WOW64) AppleWebKit/537.36 (KHTML, like Gecko) Chrome/46.0.2490.80 Safari/537.36"
::1 - - [01/Nov/2015:10:14:36 +0000] "GET /js/apps/app_config.js HTTP/1.1" 200 2617 "http://localhost:3000/" "Mozilla/5.0 (Windows NT 6.1; WOW64) AppleWebKit/537.36 (KHTML, like Gecko) Chrome/46.0.2490.80 Safari/537.36"
::1 - - [01/Nov/2015:10:14:36 +0000] "GET /js/apps/main_controller.js HTTP/1.1" 200 2950 "http://localhost:3000/" "Mozilla/5.0 (Windows NT 6.1; WOW64) AppleWebKit/537.36 (KHTML, like Gecko) Chrome/46.0.2490.80 Safari/537.36"
::1 - - [01/Nov/2015:10:14:36 +0000] "GET /js/apps/common/services/setting_service.js HTTP/1.1" 304 - "http://localhost:3000/" "Mozilla/5.0 (Windows NT 6.1; WOW64) AppleWebKit/537.36 (KHTML, like Gecko) Chrome/46.0.2490.80 Safari/537.36"
::1 - - [01/Nov/2015:10:14:36 +0000] "GET /js/apps/common/directives/image-onload_directive.js HTTP/1.1" 304 - "http://localhost:3000/" "Mozilla/5.0 (Windows NT 6.1; WOW64) AppleWebKit/537.36 (KHTML, like Gecko) Chrome/46.0.2490.80 Safari/537.36"
::1 - - [01/Nov/2015:10:14:36 +0000] "GET /js/apps/common/services/radar_factory.js HTTP/1.1" 304 - "http://localhost:3000/" "Mozilla/5.0 (Windows NT 6.1; WOW64) AppleWebKit/537.36 (KHTML, like Gecko) Chrome/46.0.2490.80 Safari/537.36"
::1 - - [01/Nov/2015:10:14:36 +0000] "GET /js/apps/common/services/lightbox_service.js HTTP/1.1" 304 - "http://localhost:3000/" "Mozilla/5.0 (Windows NT 6.1; WOW64) AppleWebKit/537.36 (KHTML, like Gecko) Chrome/46.0.2490.80 Safari/537.36"
::1 - - [01/Nov/2015:10:14:36 +0000] "GET /js/apps/common/directives/lightbox_directive.js HTTP/1.1" 304 - "http://localhost:3000/" "Mozilla/5.0 (Windows NT 6.1; WOW64) AppleWebKit/537.36 (KHTML, like Gecko) Chrome/46.0.2490.80 Safari/537.36"
::1 - - [01/Nov/2015:10:14:36 +0000] "GET /js/apps/common/filters/highlight_filter.js HTTP/1.1" 304 - "http://localhost:3000/" "Mozilla/5.0 (Windows NT 6.1; WOW64) AppleWebKit/537.36 (KHTML, like Gecko) Chrome/46.0.2490.80 Safari/537.36"
::1 - - [01/Nov/2015:10:14:36 +0000] "GET /js/apps/search/controllers/search_controller.js HTTP/1.1" 304 - "http://localhost:3000/" "Mozilla/5.0 (Windows NT 6.1; WOW64) AppleWebKit/537.36 (KHTML, like Gecko) Chrome/46.0.2490.80 Safari/537.36"
::1 - - [01/Nov/2015:10:14:36 +0000] "GET /js/apps/search/services/search_data.js HTTP/1.1" 304 - "http://localhost:3000/" "Mozilla/5.0 (Windows NT 6.1; WOW64) AppleWebKit/537.36 (KHTML, like Gecko) Chrome/46.0.2490.80 Safari/537.36"
::1 - - [01/Nov/2015:10:14:36 +0000] "GET /js/apps/search/services/search_type.js HTTP/1.1" 304 - "http://localhost:3000/" "Mozilla/5.0 (Windows NT 6.1; WOW64) AppleWebKit/537.36 (KHTML, like Gecko) Chrome/46.0.2490.80 Safari/537.36"
::1 - - [01/Nov/2015:10:14:36 +0000] "GET /js/lib/thumbEdit/thumbEdit.js HTTP/1.1" 304 - "http://localhost:3000/" "Mozilla/5.0 (Windows NT 6.1; WOW64) AppleWebKit/537.36 (KHTML, like Gecko) Chrome/46.0.2490.80 Safari/537.36"
::1 - - [01/Nov/2015:10:14:36 +0000] "GET /js/apps/cards/directives/ability_edit.js HTTP/1.1" 200 2409 "http://localhost:3000/" "Mozilla/5.0 (Windows NT 6.1; WOW64) AppleWebKit/537.36 (KHTML, like Gecko) Chrome/46.0.2490.80 Safari/537.36"
::1 - - [01/Nov/2015:10:14:36 +0000] "GET /js/apps/cards/directives/thumb_images.js HTTP/1.1" 304 - "http://localhost:3000/" "Mozilla/5.0 (Windows NT 6.1; WOW64) AppleWebKit/537.36 (KHTML, like Gecko) Chrome/46.0.2490.80 Safari/537.36"
::1 - - [01/Nov/2015:10:14:36 +0000] "GET /js/apps/cards/directives/custom_on_change.js HTTP/1.1" 304 - "http://localhost:3000/" "Mozilla/5.0 (Windows NT 6.1; WOW64) AppleWebKit/537.36 (KHTML, like Gecko) Chrome/46.0.2490.80 Safari/537.36"
::1 - - [01/Nov/2015:10:14:36 +0000] "GET /js/apps/cards/services/db_ctrl.js HTTP/1.1" 304 - "http://localhost:3000/" "Mozilla/5.0 (Windows NT 6.1; WOW64) AppleWebKit/537.36 (KHTML, like Gecko) Chrome/46.0.2490.80 Safari/537.36"
::1 - - [01/Nov/2015:10:14:36 +0000] "GET /js/lib/d3.min.js HTTP/1.1" 304 - "http://localhost:3000/" "Mozilla/5.0 (Windows NT 6.1; WOW64) AppleWebKit/537.36 (KHTML, like Gecko) Chrome/46.0.2490.80 Safari/537.36"
::1 - - [01/Nov/2015:10:14:36 +0000] "GET /js/lib/angular.min.js HTTP/1.1" 304 - "http://localhost:3000/" "Mozilla/5.0 (Windows NT 6.1; WOW64) AppleWebKit/537.36 (KHTML, like Gecko) Chrome/46.0.2490.80 Safari/537.36"
::1 - - [01/Nov/2015:10:14:36 +0000] "GET /js/lib/radar-chart-d3-master/src/radar-chart.min.js HTTP/1.1" 304 - "http://localhost:3000/" "Mozilla/5.0 (Windows NT 6.1; WOW64) AppleWebKit/537.36 (KHTML, like Gecko) Chrome/46.0.2490.80 Safari/537.36"
::1 - - [01/Nov/2015:10:14:36 +0000] "GET /js/lib/angularAMD.min.js HTTP/1.1" 304 - "http://localhost:3000/" "Mozilla/5.0 (Windows NT 6.1; WOW64) AppleWebKit/537.36 (KHTML, like Gecko) Chrome/46.0.2490.80 Safari/537.36"
::1 - - [01/Nov/2015:10:14:36 +0000] "GET /js/lib/angular-animate.min.js HTTP/1.1" 304 - "http://localhost:3000/" "Mozilla/5.0 (Windows NT 6.1; WOW64) AppleWebKit/537.36 (KHTML, like Gecko) Chrome/46.0.2490.80 Safari/537.36"
::1 - - [01/Nov/2015:10:14:36 +0000] "GET /js/lib/angular-route.min.js HTTP/1.1" 304 - "http://localhost:3000/" "Mozilla/5.0 (Windows NT 6.1; WOW64) AppleWebKit/537.36 (KHTML, like Gecko) Chrome/46.0.2490.80 Safari/537.36"
::1 - - [01/Nov/2015:10:14:36 +0000] "GET /js/apps/app.js HTTP/1.1" 304 - "http://localhost:3000/" "Mozilla/5.0 (Windows NT 6.1; WOW64) AppleWebKit/537.36 (KHTML, like Gecko) Chrome/46.0.2490.80 Safari/537.36"
::1 - - [01/Nov/2015:10:14:37 +0000] "POST /get_statusAvg HTTP/1.1" 200 223 "http://localhost:3000/" "Mozilla/5.0 (Windows NT 6.1; WOW64) AppleWebKit/537.36 (KHTML, like Gecko) Chrome/46.0.2490.80 Safari/537.36"
::1 - - [01/Nov/2015:10:14:37 +0000] "POST /get_category HTTP/1.1" 200 3171 "http://localhost:3000/" "Mozilla/5.0 (Windows NT 6.1; WOW64) AppleWebKit/537.36 (KHTML, like Gecko) Chrome/46.0.2490.80 Safari/537.36"
::1 - - [01/Nov/2015:10:14:37 +0000] "POST /get_ability HTTP/1.1" 200 4478 "http://localhost:3000/" "Mozilla/5.0 (Windows NT 6.1; WOW64) AppleWebKit/537.36 (KHTML, like Gecko) Chrome/46.0.2490.80 Safari/537.36"
::1 - - [01/Nov/2015:10:14:37 +0000] "GET /js/apps/cards/controllers/cards_controller.html HTTP/1.1" 200 7321 "http://localhost:3000/" "Mozilla/5.0 (Windows NT 6.1; WOW64) AppleWebKit/537.36 (KHTML, like Gecko) Chrome/46.0.2490.80 Safari/537.36"
::1 - - [01/Nov/2015:10:14:37 +0000] "GET /js/apps/cards/controllers/cards_controller.js HTTP/1.1" 200 7024 "http://localhost:3000/" "Mozilla/5.0 (Windows NT 6.1; WOW64) AppleWebKit/537.36 (KHTML, like Gecko) Chrome/46.0.2490.80 Safari/537.36"
::1 - - [01/Nov/2015:10:14:37 +0000] "GET /js/apps/cards/directives/thumb_images.html HTTP/1.1" 304 - "http://localhost:3000/" "Mozilla/5.0 (Windows NT 6.1; WOW64) AppleWebKit/537.36 (KHTML, like Gecko) Chrome/46.0.2490.80 Safari/537.36"
::1 - - [01/Nov/2015:10:14:37 +0000] "GET /js/apps/cards/directives/ability_edit.html HTTP/1.1" 200 959 "http://localhost:3000/" "Mozilla/5.0 (Windows NT 6.1; WOW64) AppleWebKit/537.36 (KHTML, like Gecko) Chrome/46.0.2490.80 Safari/537.36"
::1 - - [01/Nov/2015:10:14:37 +0000] "GET /js/apps/search/controllers/search_area.html HTTP/1.1" 304 - "http://localhost:3000/" "Mozilla/5.0 (Windows NT 6.1; WOW64) AppleWebKit/537.36 (KHTML, like Gecko) Chrome/46.0.2490.80 Safari/537.36"
::1 - - [01/Nov/2015:10:14:37 +0000] "GET /js/apps/search/controllers/search_result.html HTTP/1.1" 304 - "http://localhost:3000/" "Mozilla/5.0 (Windows NT 6.1; WOW64) AppleWebKit/537.36 (KHTML, like Gecko) Chrome/46.0.2490.80 Safari/537.36"
::1 - - [01/Nov/2015:10:14:37 +0000] "GET / HTTP/1.1" 304 - "http://localhost:3000/" "Mozilla/5.0 (Windows NT 6.1; WOW64) AppleWebKit/537.36 (KHTML, like Gecko) Chrome/46.0.2490.80 Safari/537.36"
::1 - - [01/Nov/2015:10:14:42 +0000] "GET /js/lib/angular-route.min.js.map HTTP/1.1" 404 44 "-" "Mozilla/5.0 (Windows NT 6.1; WOW64) AppleWebKit/537.36 (KHTML, like Gecko) Chrome/46.0.2490.80 Safari/537.36"
::1 - - [01/Nov/2015:10:14:42 +0000] "GET /css/default.css HTTP/1.1" 304 - "http://localhost:3000/" "Mozilla/5.0 (Windows NT 6.1; WOW64) AppleWebKit/537.36 (KHTML, like Gecko) Chrome/46.0.2490.80 Safari/537.36"
::1 - - [01/Nov/2015:10:14:42 +0000] "GET /js/lib/radar-chart-d3-master/src/radar-chart.css HTTP/1.1" 304 - "http://localhost:3000/" "Mozilla/5.0 (Windows NT 6.1; WOW64) AppleWebKit/537.36 (KHTML, like Gecko) Chrome/46.0.2490.80 Safari/537.36"
::1 - - [01/Nov/2015:10:14:42 +0000] "GET /css/icons.css HTTP/1.1" 304 - "http://localhost:3000/" "Mozilla/5.0 (Windows NT 6.1; WOW64) AppleWebKit/537.36 (KHTML, like Gecko) Chrome/46.0.2490.80 Safari/537.36"
::1 - - [01/Nov/2015:10:14:42 +0000] "GET /css/flag.css HTTP/1.1" 304 - "http://localhost:3000/" "Mozilla/5.0 (Windows NT 6.1; WOW64) AppleWebKit/537.36 (KHTML, like Gecko) Chrome/46.0.2490.80 Safari/537.36"
::1 - - [01/Nov/2015:10:14:43 +0000] "GET /js/lib/angular-animate.min.js.map HTTP/1.1" 304 - "-" "Mozilla/5.0 (Windows NT 6.1; WOW64) AppleWebKit/537.36 (KHTML, like Gecko) Chrome/46.0.2490.80 Safari/537.36"
::1 - - [01/Nov/2015:10:14:43 +0000] "GET /js/lib/angular.min.js.map HTTP/1.1" 404 38 "-" "Mozilla/5.0 (Windows NT 6.1; WOW64) AppleWebKit/537.36 (KHTML, like Gecko) Chrome/46.0.2490.80 Safari/537.36"
::1 - - [01/Nov/2015:10:14:43 +0000] "GET /js/lib/angularAMD.min.map HTTP/1.1" 404 38 "-" "Mozilla/5.0 (Windows NT 6.1; WOW64) AppleWebKit/537.36 (KHTML, like Gecko) Chrome/46.0.2490.80 Safari/537.36"
